<?xml version="1.0" encoding="UTF-8"?>
<!-- Generated by org.testng.reporters.JUnitXMLReporter -->
<testsuite hostname="DESKTOP-6BFI5JG" ignored="0" name="Test" tests="6" failures="0" timestamp="2021-06-15T18:48:20 IST" time="0.59" errors="0">
  <testcase name="Web1" time="0.075" classname="AutomationPractise2.SeleniumTestCase"/>
  <testcase name="Web2" time="0.007" classname="AutomationPractise2.SeleniumTestCase"/>
  <testcase name="Mobile1" time="0.004" classname="AutomationPractise2.AppiumTestCase"/>
  <testcase name="Mobile2" time="0.004" classname="AutomationPractise2.AppiumTestCase"/>
  <testcase name="API1" time="0.005" classname="AutomationPractise2.RestApiTestCase"/>
  <testcase name="API2" time="0.008" classname="AutomationPractise2.RestApiTestCase"/>
</testsuite> <!-- Test -->
