<?xml version="1.0" encoding="UTF-8"?>
<!-- Generated by org.testng.reporters.JUnitXMLReporter -->
<testsuite hostname="DESKTOP-6BFI5JG" ignored="0" name="Test" tests="4" failures="0" timestamp="2021-06-16T17:23:41 IST" time="0.249" errors="0">
  <testcase name="Web1" time="0.027" classname="AutomationPractise2.SeleniumTestCase"/>
  <testcase name="Web2" time="0.004" classname="AutomationPractise2.SeleniumTestCase"/>
  <testcase name="Mobile1" time="0.005" classname="AutomationPractise2.AppiumTestCase"/>
  <testcase name="Mobile2" time="0.001" classname="AutomationPractise2.AppiumTestCase"/>
</testsuite> <!-- Test -->
