<?xml version="1.0" encoding="UTF-8"?>
<testng-results skipped="0" failed="0" ignored="0" total="4" passed="4">
  <reporter-output>
  </reporter-output>
  <suite name="Suite" duration-ms="249" started-at="2021-06-16T17:23:41 IST" finished-at="2021-06-16T17:23:41 IST">
    <groups>
    </groups>
    <test name="Test" duration-ms="249" started-at="2021-06-16T17:23:41 IST" finished-at="2021-06-16T17:23:41 IST">
      <class name="AutomationPractise2.SeleniumTestCase">
        <test-method status="PASS" signature="Web1()[pri:0, instance:AutomationPractise2.SeleniumTestCase@3cef309d]" name="Web1" duration-ms="27" started-at="2021-06-16T17:23:41 IST" finished-at="2021-06-16T17:23:41 IST">
          <reporter-output>
          </reporter-output>
        </test-method> <!-- Web1 -->
        <test-method status="PASS" signature="Web2()[pri:0, instance:AutomationPractise2.SeleniumTestCase@3cef309d]" name="Web2" duration-ms="4" started-at="2021-06-16T17:23:41 IST" finished-at="2021-06-16T17:23:41 IST">
          <reporter-output>
          </reporter-output>
        </test-method> <!-- Web2 -->
      </class> <!-- AutomationPractise2.SeleniumTestCase -->
      <class name="AutomationPractise2.AppiumTestCase">
        <test-method status="PASS" signature="Mobile1()[pri:0, instance:AutomationPractise2.AppiumTestCase@1efed156]" name="Mobile1" duration-ms="5" started-at="2021-06-16T17:23:41 IST" finished-at="2021-06-16T17:23:41 IST">
          <reporter-output>
          </reporter-output>
        </test-method> <!-- Mobile1 -->
        <test-method status="PASS" signature="Mobile2()[pri:0, instance:AutomationPractise2.AppiumTestCase@1efed156]" name="Mobile2" duration-ms="1" started-at="2021-06-16T17:23:41 IST" finished-at="2021-06-16T17:23:41 IST">
          <reporter-output>
          </reporter-output>
        </test-method> <!-- Mobile2 -->
      </class> <!-- AutomationPractise2.AppiumTestCase -->
    </test> <!-- Test -->
  </suite> <!-- Suite -->
</testng-results>
